[ 2018-01-11T10:37:32+08:00 ] 127.0.0.1 /favicon.ico
INFO: [ app_init ] --START--
INFO: Run Behavior\BuildLiteBehavior [ RunTime:0.000000s ]
INFO: [ app_init ] --END-- [ RunTime:0.000000s ]
ERR: 无法加载模块:Favicon

[ 2018-01-11T13:36:05+08:00 ] 127.0.0.1 /Public/Uploads/2017-08-16/thumb_5993ac8eeac4d.png
INFO: [ app_init ] --START--
INFO: Run Behavior\BuildLiteBehavior [ RunTime:0.000000s ]
INFO: [ app_init ] --END-- [ RunTime:0.000000s ]
ERR: 无法加载模块:Public

[ 2018-01-11T13:36:05+08:00 ] 127.0.0.1 /Public/Uploads/2017-08-14/thumb_5991149a1b508.JPG
INFO: [ app_init ] --START--
INFO: Run Behavior\BuildLiteBehavior [ RunTime:0.000000s ]
INFO: [ app_init ] --END-- [ RunTime:0.000000s ]
ERR: 无法加载模块:Public

[ 2018-01-11T13:36:05+08:00 ] 127.0.0.1 /Public/Uploads/2017-08-16/thumb_5993b23f513b8.png
INFO: [ app_init ] --START--
INFO: Run Behavior\BuildLiteBehavior [ RunTime:0.000000s ]
INFO: [ app_init ] --END-- [ RunTime:0.000000s ]
ERR: 无法加载模块:Public

[ 2018-01-11T13:36:05+08:00 ] 127.0.0.1 /Public/Uploads/2017-08-16/thumb_5993ad527f440.png
INFO: [ app_init ] --START--
INFO: Run Behavior\BuildLiteBehavior [ RunTime:0.000000s ]
INFO: [ app_init ] --END-- [ RunTime:0.001000s ]
ERR: 无法加载模块:Public

[ 2018-01-11T13:36:05+08:00 ] 127.0.0.1 /Public/Uploads/2017-08-16/thumb_5993f8a275ec2.png
INFO: [ app_init ] --START--
INFO: Run Behavior\BuildLiteBehavior [ RunTime:0.000000s ]
INFO: [ app_init ] --END-- [ RunTime:0.000000s ]
ERR: 无法加载模块:Public

[ 2018-01-11T13:36:05+08:00 ] 127.0.0.1 /Public/Uploads/2017-08-19/thumb_5997f6049e3de.jpg
INFO: [ app_init ] --START--
INFO: Run Behavior\BuildLiteBehavior [ RunTime:0.000000s ]
INFO: [ app_init ] --END-- [ RunTime:0.001000s ]
ERR: 无法加载模块:Public

[ 2018-01-11T13:36:05+08:00 ] 127.0.0.1 /Public/Uploads/2017-08-16/thumb_5993fb2edfdf1.png
INFO: [ app_init ] --START--
INFO: Run Behavior\BuildLiteBehavior [ RunTime:0.000000s ]
INFO: [ app_init ] --END-- [ RunTime:0.000000s ]
ERR: 无法加载模块:Public

[ 2018-01-11T13:36:05+08:00 ] 127.0.0.1 /Public/Uploads/2017-08-16/thumb_5993fbac16e2c.png
INFO: [ app_init ] --START--
INFO: Run Behavior\BuildLiteBehavior [ RunTime:0.000000s ]
INFO: [ app_init ] --END-- [ RunTime:0.001000s ]
ERR: 无法加载模块:Public

[ 2018-01-11T13:36:05+08:00 ] 127.0.0.1 /Public/Uploads/2017-08-20/thumb_5998f3c278416.jpg
INFO: [ app_init ] --START--
INFO: Run Behavior\BuildLiteBehavior [ RunTime:0.000000s ]
INFO: [ app_init ] --END-- [ RunTime:0.000000s ]
ERR: 无法加载模块:Public

[ 2018-01-11T13:36:05+08:00 ] 127.0.0.1 /Public/Uploads/2017-08-16/thumb_5993b2a79e04c.png
INFO: [ app_init ] --START--
INFO: Run Behavior\BuildLiteBehavior [ RunTime:0.000000s ]
INFO: [ app_init ] --END-- [ RunTime:0.001000s ]
ERR: 无法加载模块:Public

[ 2018-01-11T13:36:05+08:00 ] 127.0.0.1 /Public/Uploads/2017-08-20/thumb_5998faf70b31e.jpg
INFO: [ app_init ] --START--
INFO: Run Behavior\BuildLiteBehavior [ RunTime:0.000000s ]
INFO: [ app_init ] --END-- [ RunTime:0.000000s ]
ERR: 无法加载模块:Public

[ 2018-01-11T13:36:05+08:00 ] 127.0.0.1 /Public/Uploads/2017-08-20/thumb_59992fd379c0d.jpg
INFO: [ app_init ] --START--
INFO: Run Behavior\BuildLiteBehavior [ RunTime:0.000000s ]
INFO: [ app_init ] --END-- [ RunTime:0.001000s ]
ERR: 无法加载模块:Public

[ 2018-01-11T13:36:05+08:00 ] 127.0.0.1 /Public/Uploads/2017-11-17/thumb_5a0e7e45d5931.jpg
INFO: [ app_init ] --START--
INFO: Run Behavior\BuildLiteBehavior [ RunTime:0.000000s ]
INFO: [ app_init ] --END-- [ RunTime:0.000000s ]
ERR: 无法加载模块:Public

[ 2018-01-11T13:36:05+08:00 ] 127.0.0.1 /Public/Uploads/2017-08-16/thumb_5993c13820309.png
INFO: [ app_init ] --START--
INFO: Run Behavior\BuildLiteBehavior [ RunTime:0.000000s ]
INFO: [ app_init ] --END-- [ RunTime:0.000000s ]
ERR: 无法加载模块:Public

[ 2018-01-11T13:37:03+08:00 ] 127.0.0.1 /Public/Uploads/2017-08-14/thumb_5991149a1b508.JPG
INFO: [ app_init ] --START--
INFO: Run Behavior\BuildLiteBehavior [ RunTime:0.000000s ]
INFO: [ app_init ] --END-- [ RunTime:0.001000s ]
ERR: 无法加载模块:Public

[ 2018-01-11T13:37:03+08:00 ] 127.0.0.1 /Public/Uploads/2017-08-16/thumb_5993ad527f440.png
INFO: [ app_init ] --START--
INFO: Run Behavior\BuildLiteBehavior [ RunTime:0.000000s ]
INFO: [ app_init ] --END-- [ RunTime:0.000000s ]
ERR: 无法加载模块:Public

[ 2018-01-11T13:37:03+08:00 ] 127.0.0.1 /Public/Uploads/2017-08-16/thumb_5993b23f513b8.png
INFO: [ app_init ] --START--
INFO: Run Behavior\BuildLiteBehavior [ RunTime:0.000000s ]
INFO: [ app_init ] --END-- [ RunTime:0.000000s ]
ERR: 无法加载模块:Public

[ 2018-01-11T13:37:03+08:00 ] 127.0.0.1 /Public/Uploads/2017-08-16/thumb_5993b2a79e04c.png
INFO: [ app_init ] --START--
INFO: Run Behavior\BuildLiteBehavior [ RunTime:0.000000s ]
INFO: [ app_init ] --END-- [ RunTime:0.000000s ]
ERR: 无法加载模块:Public

[ 2018-01-11T13:37:03+08:00 ] 127.0.0.1 /Public/Uploads/2017-08-16/thumb_5993f8a275ec2.png
INFO: [ app_init ] --START--
INFO: Run Behavior\BuildLiteBehavior [ RunTime:0.000000s ]
INFO: [ app_init ] --END-- [ RunTime:0.000000s ]
ERR: 无法加载模块:Public

[ 2018-01-11T13:37:03+08:00 ] 127.0.0.1 /Public/Uploads/2017-08-16/thumb_5993c13820309.png
INFO: [ app_init ] --START--
INFO: Run Behavior\BuildLiteBehavior [ RunTime:0.000000s ]
INFO: [ app_init ] --END-- [ RunTime:0.001000s ]
ERR: 无法加载模块:Public

[ 2018-01-11T13:37:03+08:00 ] 127.0.0.1 /Public/Uploads/2017-08-16/thumb_5993fb2edfdf1.png
INFO: [ app_init ] --START--
INFO: Run Behavior\BuildLiteBehavior [ RunTime:0.000000s ]
INFO: [ app_init ] --END-- [ RunTime:0.000000s ]
ERR: 无法加载模块:Public

[ 2018-01-11T13:37:03+08:00 ] 127.0.0.1 /Public/Uploads/2017-08-16/thumb_5993ac8eeac4d.png
INFO: [ app_init ] --START--
INFO: Run Behavior\BuildLiteBehavior [ RunTime:0.000000s ]
INFO: [ app_init ] --END-- [ RunTime:0.000000s ]
ERR: 无法加载模块:Public

[ 2018-01-11T13:37:03+08:00 ] 127.0.0.1 /Public/Uploads/2017-08-16/thumb_5993fbac16e2c.png
INFO: [ app_init ] --START--
INFO: Run Behavior\BuildLiteBehavior [ RunTime:0.000000s ]
INFO: [ app_init ] --END-- [ RunTime:0.000000s ]
ERR: 无法加载模块:Public

[ 2018-01-11T13:37:03+08:00 ] 127.0.0.1 /Public/Uploads/2017-08-20/thumb_5998f3c278416.jpg
INFO: [ app_init ] --START--
INFO: Run Behavior\BuildLiteBehavior [ RunTime:0.000000s ]
INFO: [ app_init ] --END-- [ RunTime:0.001000s ]
ERR: 无法加载模块:Public

[ 2018-01-11T13:37:03+08:00 ] 127.0.0.1 /Public/Uploads/2017-08-20/thumb_59992fd379c0d.jpg
INFO: [ app_init ] --START--
INFO: Run Behavior\BuildLiteBehavior [ RunTime:0.000000s ]
INFO: [ app_init ] --END-- [ RunTime:0.000000s ]
ERR: 无法加载模块:Public

[ 2018-01-11T13:37:03+08:00 ] 127.0.0.1 /Public/Uploads/2017-08-20/thumb_5998faf70b31e.jpg
INFO: [ app_init ] --START--
INFO: Run Behavior\BuildLiteBehavior [ RunTime:0.000000s ]
INFO: [ app_init ] --END-- [ RunTime:0.000000s ]
ERR: 无法加载模块:Public

[ 2018-01-11T13:37:03+08:00 ] 127.0.0.1 /Public/Uploads/2017-08-19/thumb_5997f6049e3de.jpg
INFO: [ app_init ] --START--
INFO: Run Behavior\BuildLiteBehavior [ RunTime:0.000000s ]
INFO: [ app_init ] --END-- [ RunTime:0.000000s ]
ERR: 无法加载模块:Public

[ 2018-01-11T13:37:03+08:00 ] 127.0.0.1 /Public/Uploads/2017-11-17/thumb_5a0e7e45d5931.jpg
INFO: [ app_init ] --START--
INFO: Run Behavior\BuildLiteBehavior [ RunTime:0.000000s ]
INFO: [ app_init ] --END-- [ RunTime:0.001000s ]
ERR: 无法加载模块:Public

[ 2018-01-11T13:37:04+08:00 ] 127.0.0.1 /Public/Uploads/2017-08-16/thumb_5993ac8eeac4d.png
INFO: [ app_init ] --START--
INFO: Run Behavior\BuildLiteBehavior [ RunTime:0.000000s ]
INFO: [ app_init ] --END-- [ RunTime:0.001000s ]
ERR: 无法加载模块:Public

[ 2018-01-11T13:37:04+08:00 ] 127.0.0.1 /Public/Uploads/2017-08-16/thumb_5993c13820309.png
INFO: [ app_init ] --START--
INFO: Run Behavior\BuildLiteBehavior [ RunTime:0.000000s ]
INFO: [ app_init ] --END-- [ RunTime:0.000000s ]
ERR: 无法加载模块:Public

[ 2018-01-11T13:37:04+08:00 ] 127.0.0.1 /Public/Uploads/2017-08-16/thumb_5993ad527f440.png
INFO: [ app_init ] --START--
INFO: Run Behavior\BuildLiteBehavior [ RunTime:0.000000s ]
INFO: [ app_init ] --END-- [ RunTime:0.000000s ]
ERR: 无法加载模块:Public

[ 2018-01-11T13:37:04+08:00 ] 127.0.0.1 /Public/Uploads/2017-08-14/thumb_5991149a1b508.JPG
INFO: [ app_init ] --START--
INFO: Run Behavior\BuildLiteBehavior [ RunTime:0.000000s ]
INFO: [ app_init ] --END-- [ RunTime:0.003000s ]
ERR: 无法加载模块:Public

[ 2018-01-11T13:37:04+08:00 ] 127.0.0.1 /Public/Uploads/2017-08-16/thumb_5993b2a79e04c.png
INFO: [ app_init ] --START--
INFO: Run Behavior\BuildLiteBehavior [ RunTime:0.000000s ]
INFO: [ app_init ] --END-- [ RunTime:0.001000s ]
ERR: 无法加载模块:Public

[ 2018-01-11T13:37:04+08:00 ] 127.0.0.1 /Public/Uploads/2017-08-16/thumb_5993b23f513b8.png
INFO: [ app_init ] --START--
INFO: Run Behavior\BuildLiteBehavior [ RunTime:0.000000s ]
INFO: [ app_init ] --END-- [ RunTime:0.001000s ]
ERR: 无法加载模块:Public

[ 2018-01-11T13:37:04+08:00 ] 127.0.0.1 /Public/Uploads/2017-08-16/thumb_5993f8a275ec2.png
INFO: [ app_init ] --START--
INFO: Run Behavior\BuildLiteBehavior [ RunTime:0.000000s ]
INFO: [ app_init ] --END-- [ RunTime:0.000000s ]
ERR: 无法加载模块:Public

[ 2018-01-11T13:37:04+08:00 ] 127.0.0.1 /Public/Uploads/2017-08-16/thumb_5993fbac16e2c.png
INFO: [ app_init ] --START--
INFO: Run Behavior\BuildLiteBehavior [ RunTime:0.000000s ]
INFO: [ app_init ] --END-- [ RunTime:0.001000s ]
ERR: 无法加载模块:Public

[ 2018-01-11T13:37:04+08:00 ] 127.0.0.1 /Public/Uploads/2017-08-19/thumb_5997f6049e3de.jpg
INFO: [ app_init ] --START--
INFO: Run Behavior\BuildLiteBehavior [ RunTime:0.000000s ]
INFO: [ app_init ] --END-- [ RunTime:0.001000s ]
ERR: 无法加载模块:Public

[ 2018-01-11T13:37:04+08:00 ] 127.0.0.1 /Public/Uploads/2017-08-16/thumb_5993fb2edfdf1.png
INFO: [ app_init ] --START--
INFO: Run Behavior\BuildLiteBehavior [ RunTime:0.000000s ]
INFO: [ app_init ] --END-- [ RunTime:0.001000s ]
ERR: 无法加载模块:Public

[ 2018-01-11T13:37:04+08:00 ] 127.0.0.1 /Public/Uploads/2017-08-20/thumb_5998f3c278416.jpg
INFO: [ app_init ] --START--
INFO: Run Behavior\BuildLiteBehavior [ RunTime:0.000000s ]
INFO: [ app_init ] --END-- [ RunTime:0.001000s ]
ERR: 无法加载模块:Public

[ 2018-01-11T13:37:04+08:00 ] 127.0.0.1 /Public/Uploads/2017-08-20/thumb_5998faf70b31e.jpg
INFO: [ app_init ] --START--
INFO: Run Behavior\BuildLiteBehavior [ RunTime:0.000000s ]
INFO: [ app_init ] --END-- [ RunTime:0.001000s ]
ERR: 无法加载模块:Public

[ 2018-01-11T13:37:04+08:00 ] 127.0.0.1 /Public/Uploads/2017-08-20/thumb_59992fd379c0d.jpg
INFO: [ app_init ] --START--
INFO: Run Behavior\BuildLiteBehavior [ RunTime:0.000000s ]
INFO: [ app_init ] --END-- [ RunTime:0.001000s ]
ERR: 无法加载模块:Public

[ 2018-01-11T13:37:04+08:00 ] 127.0.0.1 /Public/Uploads/2017-11-17/thumb_5a0e7e45d5931.jpg
INFO: [ app_init ] --START--
INFO: Run Behavior\BuildLiteBehavior [ RunTime:0.000000s ]
INFO: [ app_init ] --END-- [ RunTime:0.001000s ]
ERR: 无法加载模块:Public

[ 2018-01-11T13:37:04+08:00 ] 127.0.0.1 /Public/Uploads/2017-08-14/thumb_5991149a1b508.JPG
INFO: [ app_init ] --START--
INFO: Run Behavior\BuildLiteBehavior [ RunTime:0.000000s ]
INFO: [ app_init ] --END-- [ RunTime:0.001000s ]
ERR: 无法加载模块:Public

[ 2018-01-11T13:37:04+08:00 ] 127.0.0.1 /Public/Uploads/2017-08-16/thumb_5993c13820309.png
INFO: [ app_init ] --START--
INFO: Run Behavior\BuildLiteBehavior [ RunTime:0.000000s ]
INFO: [ app_init ] --END-- [ RunTime:0.000000s ]
ERR: 无法加载模块:Public

[ 2018-01-11T13:37:04+08:00 ] 127.0.0.1 /Public/Uploads/2017-08-16/thumb_5993b23f513b8.png
INFO: [ app_init ] --START--
INFO: Run Behavior\BuildLiteBehavior [ RunTime:0.000000s ]
INFO: [ app_init ] --END-- [ RunTime:0.001000s ]
ERR: 无法加载模块:Public

[ 2018-01-11T13:37:04+08:00 ] 127.0.0.1 /Public/Uploads/2017-08-16/thumb_5993ad527f440.png
INFO: [ app_init ] --START--
INFO: Run Behavior\BuildLiteBehavior [ RunTime:0.000000s ]
INFO: [ app_init ] --END-- [ RunTime:0.001000s ]
ERR: 无法加载模块:Public

[ 2018-01-11T13:37:04+08:00 ] 127.0.0.1 /Public/Uploads/2017-08-16/thumb_5993ac8eeac4d.png
INFO: [ app_init ] --START--
INFO: Run Behavior\BuildLiteBehavior [ RunTime:0.000000s ]
INFO: [ app_init ] --END-- [ RunTime:0.001000s ]
ERR: 无法加载模块:Public

[ 2018-01-11T13:37:04+08:00 ] 127.0.0.1 /Public/Uploads/2017-08-16/thumb_5993b2a79e04c.png
INFO: [ app_init ] --START--
INFO: Run Behavior\BuildLiteBehavior [ RunTime:0.000000s ]
INFO: [ app_init ] --END-- [ RunTime:0.000000s ]
ERR: 无法加载模块:Public

[ 2018-01-11T13:37:04+08:00 ] 127.0.0.1 /Public/Uploads/2017-08-16/thumb_5993f8a275ec2.png
INFO: [ app_init ] --START--
INFO: Run Behavior\BuildLiteBehavior [ RunTime:0.000000s ]
INFO: [ app_init ] --END-- [ RunTime:0.001000s ]
ERR: 无法加载模块:Public

[ 2018-01-11T13:37:04+08:00 ] 127.0.0.1 /Public/Uploads/2017-08-16/thumb_5993fbac16e2c.png
INFO: [ app_init ] --START--
INFO: Run Behavior\BuildLiteBehavior [ RunTime:0.000000s ]
INFO: [ app_init ] --END-- [ RunTime:0.000000s ]
ERR: 无法加载模块:Public

[ 2018-01-11T13:37:04+08:00 ] 127.0.0.1 /Public/Uploads/2017-08-19/thumb_5997f6049e3de.jpg
INFO: [ app_init ] --START--
INFO: Run Behavior\BuildLiteBehavior [ RunTime:0.000000s ]
INFO: [ app_init ] --END-- [ RunTime:0.000000s ]
ERR: 无法加载模块:Public

[ 2018-01-11T13:37:04+08:00 ] 127.0.0.1 /Public/Uploads/2017-08-16/thumb_5993fb2edfdf1.png
INFO: [ app_init ] --START--
INFO: Run Behavior\BuildLiteBehavior [ RunTime:0.000000s ]
INFO: [ app_init ] --END-- [ RunTime:0.000000s ]
ERR: 无法加载模块:Public

[ 2018-01-11T13:37:04+08:00 ] 127.0.0.1 /Public/Uploads/2017-08-20/thumb_5998faf70b31e.jpg
INFO: [ app_init ] --START--
INFO: Run Behavior\BuildLiteBehavior [ RunTime:0.000000s ]
INFO: [ app_init ] --END-- [ RunTime:0.001000s ]
ERR: 无法加载模块:Public

[ 2018-01-11T13:37:04+08:00 ] 127.0.0.1 /Public/Uploads/2017-08-20/thumb_5998f3c278416.jpg
INFO: [ app_init ] --START--
INFO: Run Behavior\BuildLiteBehavior [ RunTime:0.000000s ]
INFO: [ app_init ] --END-- [ RunTime:0.000000s ]
ERR: 无法加载模块:Public

[ 2018-01-11T13:37:04+08:00 ] 127.0.0.1 /Public/Uploads/2017-08-20/thumb_59992fd379c0d.jpg
INFO: [ app_init ] --START--
INFO: Run Behavior\BuildLiteBehavior [ RunTime:0.000000s ]
INFO: [ app_init ] --END-- [ RunTime:0.001000s ]
ERR: 无法加载模块:Public

[ 2018-01-11T13:37:04+08:00 ] 127.0.0.1 /Public/Uploads/2017-11-17/thumb_5a0e7e45d5931.jpg
INFO: [ app_init ] --START--
INFO: Run Behavior\BuildLiteBehavior [ RunTime:0.000000s ]
INFO: [ app_init ] --END-- [ RunTime:0.001000s ]
ERR: 无法加载模块:Public

[ 2018-01-11T13:37:04+08:00 ] 127.0.0.1 /Public/Uploads/2017-08-16/thumb_5993ac8eeac4d.png
INFO: [ app_init ] --START--
INFO: Run Behavior\BuildLiteBehavior [ RunTime:0.000000s ]
INFO: [ app_init ] --END-- [ RunTime:0.000000s ]
ERR: 无法加载模块:Public

[ 2018-01-11T13:37:04+08:00 ] 127.0.0.1 /Public/Uploads/2017-08-14/thumb_5991149a1b508.JPG
INFO: [ app_init ] --START--
INFO: Run Behavior\BuildLiteBehavior [ RunTime:0.000000s ]
INFO: [ app_init ] --END-- [ RunTime:0.000000s ]
ERR: 无法加载模块:Public

[ 2018-01-11T13:37:04+08:00 ] 127.0.0.1 /Public/Uploads/2017-08-16/thumb_5993b2a79e04c.png
INFO: [ app_init ] --START--
INFO: Run Behavior\BuildLiteBehavior [ RunTime:0.000000s ]
INFO: [ app_init ] --END-- [ RunTime:0.001000s ]
ERR: 无法加载模块:Public

[ 2018-01-11T13:37:04+08:00 ] 127.0.0.1 /Public/Uploads/2017-08-16/thumb_5993b23f513b8.png
INFO: [ app_init ] --START--
INFO: Run Behavior\BuildLiteBehavior [ RunTime:0.000000s ]
INFO: [ app_init ] --END-- [ RunTime:0.000000s ]
ERR: 无法加载模块:Public

[ 2018-01-11T13:37:04+08:00 ] 127.0.0.1 /Public/Uploads/2017-08-16/thumb_5993ad527f440.png
INFO: [ app_init ] --START--
INFO: Run Behavior\BuildLiteBehavior [ RunTime:0.000000s ]
INFO: [ app_init ] --END-- [ RunTime:0.001000s ]
ERR: 无法加载模块:Public

[ 2018-01-11T13:37:04+08:00 ] 127.0.0.1 /Public/Uploads/2017-08-16/thumb_5993fb2edfdf1.png
INFO: [ app_init ] --START--
INFO: Run Behavior\BuildLiteBehavior [ RunTime:0.000000s ]
INFO: [ app_init ] --END-- [ RunTime:0.000000s ]
ERR: 无法加载模块:Public

[ 2018-01-11T13:37:04+08:00 ] 127.0.0.1 /Public/Uploads/2017-08-16/thumb_5993f8a275ec2.png
INFO: [ app_init ] --START--
INFO: Run Behavior\BuildLiteBehavior [ RunTime:0.000000s ]
INFO: [ app_init ] --END-- [ RunTime:0.001000s ]
ERR: 无法加载模块:Public

[ 2018-01-11T13:37:04+08:00 ] 127.0.0.1 /Public/Uploads/2017-08-20/thumb_5998f3c278416.jpg
INFO: [ app_init ] --START--
INFO: Run Behavior\BuildLiteBehavior [ RunTime:0.000000s ]
INFO: [ app_init ] --END-- [ RunTime:0.000000s ]
ERR: 无法加载模块:Public

[ 2018-01-11T13:37:04+08:00 ] 127.0.0.1 /Public/Uploads/2017-08-16/thumb_5993fbac16e2c.png
INFO: [ app_init ] --START--
INFO: Run Behavior\BuildLiteBehavior [ RunTime:0.000000s ]
INFO: [ app_init ] --END-- [ RunTime:0.000000s ]
ERR: 无法加载模块:Public

[ 2018-01-11T13:37:04+08:00 ] 127.0.0.1 /Public/Uploads/2017-08-20/thumb_59992fd379c0d.jpg
INFO: [ app_init ] --START--
INFO: Run Behavior\BuildLiteBehavior [ RunTime:0.000000s ]
INFO: [ app_init ] --END-- [ RunTime:0.001000s ]
ERR: 无法加载模块:Public

[ 2018-01-11T13:37:04+08:00 ] 127.0.0.1 /Public/Uploads/2017-11-17/thumb_5a0e7e45d5931.jpg
INFO: [ app_init ] --START--
INFO: Run Behavior\BuildLiteBehavior [ RunTime:0.000000s ]
INFO: [ app_init ] --END-- [ RunTime:0.000000s ]
ERR: 无法加载模块:Public

[ 2018-01-11T13:37:04+08:00 ] 127.0.0.1 /Public/Uploads/2017-08-20/thumb_5998faf70b31e.jpg
INFO: [ app_init ] --START--
INFO: Run Behavior\BuildLiteBehavior [ RunTime:0.000000s ]
INFO: [ app_init ] --END-- [ RunTime:0.000000s ]
ERR: 无法加载模块:Public

[ 2018-01-11T13:37:04+08:00 ] 127.0.0.1 /Public/Uploads/2017-08-19/thumb_5997f6049e3de.jpg
INFO: [ app_init ] --START--
INFO: Run Behavior\BuildLiteBehavior [ RunTime:0.000000s ]
INFO: [ app_init ] --END-- [ RunTime:0.000000s ]
ERR: 无法加载模块:Public

[ 2018-01-11T13:37:05+08:00 ] 127.0.0.1 /Public/Uploads/2017-08-14/thumb_5991149a1b508.JPG
INFO: [ app_init ] --START--
INFO: Run Behavior\BuildLiteBehavior [ RunTime:0.000000s ]
INFO: [ app_init ] --END-- [ RunTime:0.001000s ]
ERR: 无法加载模块:Public

[ 2018-01-11T13:37:05+08:00 ] 127.0.0.1 /Public/Uploads/2017-08-16/thumb_5993b23f513b8.png
INFO: [ app_init ] --START--
INFO: Run Behavior\BuildLiteBehavior [ RunTime:0.000000s ]
INFO: [ app_init ] --END-- [ RunTime:0.001000s ]
ERR: 无法加载模块:Public

[ 2018-01-11T13:37:05+08:00 ] 127.0.0.1 /Public/Uploads/2017-08-16/thumb_5993b2a79e04c.png
INFO: [ app_init ] --START--
INFO: Run Behavior\BuildLiteBehavior [ RunTime:0.000000s ]
INFO: [ app_init ] --END-- [ RunTime:0.000000s ]
ERR: 无法加载模块:Public

[ 2018-01-11T13:37:05+08:00 ] 127.0.0.1 /Public/Uploads/2017-08-16/thumb_5993ad527f440.png
INFO: [ app_init ] --START--
INFO: Run Behavior\BuildLiteBehavior [ RunTime:0.000000s ]
INFO: [ app_init ] --END-- [ RunTime:0.000000s ]
ERR: 无法加载模块:Public

[ 2018-01-11T13:37:05+08:00 ] 127.0.0.1 /Public/Uploads/2017-08-16/thumb_5993c13820309.png
INFO: [ app_init ] --START--
INFO: Run Behavior\BuildLiteBehavior [ RunTime:0.000000s ]
INFO: [ app_init ] --END-- [ RunTime:0.000000s ]
ERR: 无法加载模块:Public

[ 2018-01-11T13:37:05+08:00 ] 127.0.0.1 /Public/Uploads/2017-08-16/thumb_5993f8a275ec2.png
INFO: [ app_init ] --START--
INFO: Run Behavior\BuildLiteBehavior [ RunTime:0.000000s ]
INFO: [ app_init ] --END-- [ RunTime:0.000000s ]
ERR: 无法加载模块:Public

[ 2018-01-11T13:37:05+08:00 ] 127.0.0.1 /Public/Uploads/2017-08-16/thumb_5993fb2edfdf1.png
INFO: [ app_init ] --START--
INFO: Run Behavior\BuildLiteBehavior [ RunTime:0.000000s ]
INFO: [ app_init ] --END-- [ RunTime:0.000000s ]
ERR: 无法加载模块:Public

[ 2018-01-11T13:37:05+08:00 ] 127.0.0.1 /Public/Uploads/2017-08-19/thumb_5997f6049e3de.jpg
INFO: [ app_init ] --START--
INFO: Run Behavior\BuildLiteBehavior [ RunTime:0.000000s ]
INFO: [ app_init ] --END-- [ RunTime:0.001000s ]
ERR: 无法加载模块:Public

[ 2018-01-11T13:37:05+08:00 ] 127.0.0.1 /Public/Uploads/2017-08-16/thumb_5993fbac16e2c.png
INFO: [ app_init ] --START--
INFO: Run Behavior\BuildLiteBehavior [ RunTime:0.000000s ]
INFO: [ app_init ] --END-- [ RunTime:0.001000s ]
ERR: 无法加载模块:Public

[ 2018-01-11T13:37:05+08:00 ] 127.0.0.1 /Public/Uploads/2017-08-20/thumb_5998f3c278416.jpg
INFO: [ app_init ] --START--
INFO: Run Behavior\BuildLiteBehavior [ RunTime:0.000000s ]
INFO: [ app_init ] --END-- [ RunTime:0.000000s ]
ERR: 无法加载模块:Public

[ 2018-01-11T13:37:05+08:00 ] 127.0.0.1 /Public/Uploads/2017-08-16/thumb_5993ac8eeac4d.png
INFO: [ app_init ] --START--
INFO: Run Behavior\BuildLiteBehavior [ RunTime:0.000000s ]
INFO: [ app_init ] --END-- [ RunTime:0.000000s ]
ERR: 无法加载模块:Public

[ 2018-01-11T13:37:05+08:00 ] 127.0.0.1 /Public/Uploads/2017-08-20/thumb_59992fd379c0d.jpg
INFO: [ app_init ] --START--
INFO: Run Behavior\BuildLiteBehavior [ RunTime:0.000000s ]
INFO: [ app_init ] --END-- [ RunTime:0.000000s ]
ERR: 无法加载模块:Public

[ 2018-01-11T13:37:05+08:00 ] 127.0.0.1 /Public/Uploads/2017-08-20/thumb_5998faf70b31e.jpg
INFO: [ app_init ] --START--
INFO: Run Behavior\BuildLiteBehavior [ RunTime:0.000000s ]
INFO: [ app_init ] --END-- [ RunTime:0.001000s ]
ERR: 无法加载模块:Public

[ 2018-01-11T13:37:05+08:00 ] 127.0.0.1 /Public/Uploads/2017-11-17/thumb_5a0e7e45d5931.jpg
INFO: [ app_init ] --START--
INFO: Run Behavior\BuildLiteBehavior [ RunTime:0.000000s ]
INFO: [ app_init ] --END-- [ RunTime:0.001000s ]
ERR: 无法加载模块:Public

[ 2018-01-11T13:37:05+08:00 ] 127.0.0.1 /Public/Uploads/2017-08-16/thumb_5993b2a79e04c.png
INFO: [ app_init ] --START--
INFO: Run Behavior\BuildLiteBehavior [ RunTime:0.000000s ]
INFO: [ app_init ] --END-- [ RunTime:0.000000s ]
ERR: 无法加载模块:Public

[ 2018-01-11T13:37:05+08:00 ] 127.0.0.1 /Public/Uploads/2017-08-16/thumb_5993c13820309.png
INFO: [ app_init ] --START--
INFO: Run Behavior\BuildLiteBehavior [ RunTime:0.000000s ]
INFO: [ app_init ] --END-- [ RunTime:0.001000s ]
ERR: 无法加载模块:Public

[ 2018-01-11T13:37:05+08:00 ] 127.0.0.1 /Public/Uploads/2017-08-14/thumb_5991149a1b508.JPG
INFO: [ app_init ] --START--
INFO: Run Behavior\BuildLiteBehavior [ RunTime:0.000000s ]
INFO: [ app_init ] --END-- [ RunTime:0.001000s ]
ERR: 无法加载模块:Public

[ 2018-01-11T13:37:05+08:00 ] 127.0.0.1 /Public/Uploads/2017-08-16/thumb_5993ac8eeac4d.png
INFO: [ app_init ] --START--
INFO: Run Behavior\BuildLiteBehavior [ RunTime:0.000000s ]
INFO: [ app_init ] --END-- [ RunTime:0.003000s ]
ERR: 无法加载模块:Public

[ 2018-01-11T13:37:05+08:00 ] 127.0.0.1 /Public/Uploads/2017-08-16/thumb_5993ad527f440.png
INFO: [ app_init ] --START--
INFO: Run Behavior\BuildLiteBehavior [ RunTime:0.000000s ]
INFO: [ app_init ] --END-- [ RunTime:0.000000s ]
ERR: 无法加载模块:Public

[ 2018-01-11T13:37:05+08:00 ] 127.0.0.1 /Public/Uploads/2017-08-16/thumb_5993b23f513b8.png
INFO: [ app_init ] --START--
INFO: Run Behavior\BuildLiteBehavior [ RunTime:0.000000s ]
INFO: [ app_init ] --END-- [ RunTime:0.000000s ]
ERR: 无法加载模块:Public

[ 2018-01-11T13:37:05+08:00 ] 127.0.0.1 /Public/Uploads/2017-08-20/thumb_5998f3c278416.jpg
INFO: [ app_init ] --START--
INFO: Run Behavior\BuildLiteBehavior [ RunTime:0.000000s ]
INFO: [ app_init ] --END-- [ RunTime:0.000000s ]
ERR: 无法加载模块:Public

[ 2018-01-11T13:37:05+08:00 ] 127.0.0.1 /Public/Uploads/2017-08-19/thumb_5997f6049e3de.jpg
INFO: [ app_init ] --START--
INFO: Run Behavior\BuildLiteBehavior [ RunTime:0.000000s ]
INFO: [ app_init ] --END-- [ RunTime:0.001000s ]
ERR: 无法加载模块:Public

[ 2018-01-11T13:37:05+08:00 ] 127.0.0.1 /Public/Uploads/2017-08-16/thumb_5993f8a275ec2.png
INFO: [ app_init ] --START--
INFO: Run Behavior\BuildLiteBehavior [ RunTime:0.000000s ]
INFO: [ app_init ] --END-- [ RunTime:0.002000s ]
ERR: 无法加载模块:Public

[ 2018-01-11T13:37:05+08:00 ] 127.0.0.1 /Public/Uploads/2017-08-16/thumb_5993fbac16e2c.png
INFO: [ app_init ] --START--
INFO: Run Behavior\BuildLiteBehavior [ RunTime:0.000000s ]
INFO: [ app_init ] --END-- [ RunTime:0.001000s ]
ERR: 无法加载模块:Public

[ 2018-01-11T13:37:05+08:00 ] 127.0.0.1 /Public/Uploads/2017-08-16/thumb_5993fb2edfdf1.png
INFO: [ app_init ] --START--
INFO: Run Behavior\BuildLiteBehavior [ RunTime:0.000000s ]
INFO: [ app_init ] --END-- [ RunTime:0.000000s ]
ERR: 无法加载模块:Public

[ 2018-01-11T13:37:05+08:00 ] 127.0.0.1 /Public/Uploads/2017-08-20/thumb_5998faf70b31e.jpg
INFO: [ app_init ] --START--
INFO: Run Behavior\BuildLiteBehavior [ RunTime:0.000000s ]
INFO: [ app_init ] --END-- [ RunTime:0.000000s ]
ERR: 无法加载模块:Public

[ 2018-01-11T13:37:05+08:00 ] 127.0.0.1 /Public/Uploads/2017-08-20/thumb_59992fd379c0d.jpg
INFO: [ app_init ] --START--
INFO: Run Behavior\BuildLiteBehavior [ RunTime:0.000000s ]
INFO: [ app_init ] --END-- [ RunTime:0.001000s ]
ERR: 无法加载模块:Public

[ 2018-01-11T13:37:05+08:00 ] 127.0.0.1 /Public/Uploads/2017-11-17/thumb_5a0e7e45d5931.jpg
INFO: [ app_init ] --START--
INFO: Run Behavior\BuildLiteBehavior [ RunTime:0.000000s ]
INFO: [ app_init ] --END-- [ RunTime:0.001000s ]
ERR: 无法加载模块:Public

[ 2018-01-11T13:37:05+08:00 ] 127.0.0.1 /Public/Uploads/2017-08-16/thumb_5993c13820309.png
INFO: [ app_init ] --START--
INFO: Run Behavior\BuildLiteBehavior [ RunTime:0.000000s ]
INFO: [ app_init ] --END-- [ RunTime:0.000000s ]
ERR: 无法加载模块:Public

[ 2018-01-11T13:37:05+08:00 ] 127.0.0.1 /Public/Uploads/2017-08-14/thumb_5991149a1b508.JPG
INFO: [ app_init ] --START--
INFO: Run Behavior\BuildLiteBehavior [ RunTime:0.000000s ]
INFO: [ app_init ] --END-- [ RunTime:0.000000s ]
ERR: 无法加载模块:Public

[ 2018-01-11T13:37:05+08:00 ] 127.0.0.1 /Public/Uploads/2017-08-16/thumb_5993b2a79e04c.png
INFO: [ app_init ] --START--
INFO: Run Behavior\BuildLiteBehavior [ RunTime:0.000000s ]
INFO: [ app_init ] --END-- [ RunTime:0.001000s ]
ERR: 无法加载模块:Public

[ 2018-01-11T13:37:05+08:00 ] 127.0.0.1 /Public/Uploads/2017-08-16/thumb_5993b23f513b8.png
INFO: [ app_init ] --START--
INFO: Run Behavior\BuildLiteBehavior [ RunTime:0.000000s ]
INFO: [ app_init ] --END-- [ RunTime:0.001000s ]
ERR: 无法加载模块:Public

[ 2018-01-11T13:37:05+08:00 ] 127.0.0.1 /Public/Uploads/2017-08-16/thumb_5993ac8eeac4d.png
INFO: [ app_init ] --START--
INFO: Run Behavior\BuildLiteBehavior [ RunTime:0.000000s ]
INFO: [ app_init ] --END-- [ RunTime:0.003000s ]
ERR: 无法加载模块:Public

[ 2018-01-11T13:37:05+08:00 ] 127.0.0.1 /Public/Uploads/2017-08-16/thumb_5993ad527f440.png
INFO: [ app_init ] --START--
INFO: Run Behavior\BuildLiteBehavior [ RunTime:0.000000s ]
INFO: [ app_init ] --END-- [ RunTime:0.000000s ]
ERR: 无法加载模块:Public

[ 2018-01-11T13:37:05+08:00 ] 127.0.0.1 /Public/Uploads/2017-08-16/thumb_5993fbac16e2c.png
INFO: [ app_init ] --START--
INFO: Run Behavior\BuildLiteBehavior [ RunTime:0.000000s ]
INFO: [ app_init ] --END-- [ RunTime:0.001000s ]
ERR: 无法加载模块:Public

[ 2018-01-11T13:37:05+08:00 ] 127.0.0.1 /Public/Uploads/2017-08-16/thumb_5993f8a275ec2.png
INFO: [ app_init ] --START--
INFO: Run Behavior\BuildLiteBehavior [ RunTime:0.000000s ]
INFO: [ app_init ] --END-- [ RunTime:0.000000s ]
ERR: 无法加载模块:Public

[ 2018-01-11T13:37:05+08:00 ] 127.0.0.1 /Public/Uploads/2017-08-16/thumb_5993fb2edfdf1.png
INFO: [ app_init ] --START--
INFO: Run Behavior\BuildLiteBehavior [ RunTime:0.000000s ]
INFO: [ app_init ] --END-- [ RunTime:0.000000s ]
ERR: 无法加载模块:Public

[ 2018-01-11T13:37:05+08:00 ] 127.0.0.1 /Public/Uploads/2017-08-19/thumb_5997f6049e3de.jpg
INFO: [ app_init ] --START--
INFO: Run Behavior\BuildLiteBehavior [ RunTime:0.000000s ]
INFO: [ app_init ] --END-- [ RunTime:0.000000s ]
ERR: 无法加载模块:Public

[ 2018-01-11T13:37:05+08:00 ] 127.0.0.1 /Public/Uploads/2017-08-20/thumb_5998f3c278416.jpg
INFO: [ app_init ] --START--
INFO: Run Behavior\BuildLiteBehavior [ RunTime:0.000000s ]
INFO: [ app_init ] --END-- [ RunTime:0.001000s ]
ERR: 无法加载模块:Public

[ 2018-01-11T13:37:05+08:00 ] 127.0.0.1 /Public/Uploads/2017-08-20/thumb_5998faf70b31e.jpg
INFO: [ app_init ] --START--
INFO: Run Behavior\BuildLiteBehavior [ RunTime:0.000000s ]
INFO: [ app_init ] --END-- [ RunTime:0.001000s ]
ERR: 无法加载模块:Public

[ 2018-01-11T13:37:05+08:00 ] 127.0.0.1 /Public/Uploads/2017-08-20/thumb_59992fd379c0d.jpg
INFO: [ app_init ] --START--
INFO: Run Behavior\BuildLiteBehavior [ RunTime:0.000000s ]
INFO: [ app_init ] --END-- [ RunTime:0.000000s ]
ERR: 无法加载模块:Public

[ 2018-01-11T13:37:05+08:00 ] 127.0.0.1 /Public/Uploads/2017-11-17/thumb_5a0e7e45d5931.jpg
INFO: [ app_init ] --START--
INFO: Run Behavior\BuildLiteBehavior [ RunTime:0.000000s ]
INFO: [ app_init ] --END-- [ RunTime:0.001000s ]
ERR: 无法加载模块:Public

